<?xml version="1.0" encoding="UTF-8"?>
<!-- Generated by org.testng.reporters.JUnitReportReporter -->
<testsuite hostname="sushil-HP-Notebook" failures="0" tests="2" name="com.qa.amazon.APITest" time="2.253" errors="0" timestamp="2022-02-20T16:06:08 IST" skipped="0">
  <testcase classname="com.qa.amazon.APITest" name="verifyGETRequestTest" time="1.225"/>
  <system-out/>
  <testcase classname="com.qa.amazon.APITest" name="verifyPostRequestTest" time="1.028"/>
  <system-out/>
</testsuite> <!-- com.qa.amazon.APITest -->
