<?xml version="1.0" encoding="UTF-8"?>
<!-- Generated by org.testng.reporters.JUnitReportReporter -->
<testsuite hostname="sushil-HP-Notebook" failures="0" tests="2" name="com.qa.amazon.AmazonTest" time="41.211" errors="0" timestamp="2022-02-20T19:46:38 IST" skipped="0">
  <testcase classname="com.qa.amazon.AmazonTest" name="verifyTitleTest" time="12.025"/>
  <system-out/>
  <testcase classname="com.qa.amazon.AmazonTest" name="verifyItemAddToCartTest" time="29.186"/>
  <system-out/>
</testsuite> <!-- com.qa.amazon.AmazonTest -->
