<?xml version="1.0" encoding="UTF-8"?>
<!-- Generated by org.testng.reporters.JUnitReportReporter -->
<testsuite hostname="sushil-HP-Notebook" failures="0" tests="1" name="com.qa.amazon.DatabaseTest" time="0.656" errors="0" timestamp="2022-02-18T22:31:32 IST" skipped="0">
  <testcase classname="com.qa.amazon.DatabaseTest" name="m" time="0.656"/>
  <system-out/>
</testsuite> <!-- com.qa.amazon.DatabaseTest -->
